app/build/intermediates/manifest_merge_blame_file/debug/manifest-merger-blame-debug-report.txt
1<?xml version="1.0" encoding="utf-8"?>
2<manifest xmlns:android="http://schemas.android.com/apk/res/android"
3    package="com.example.tzva_naloga_1"
4    android:versionCode="1"
5    android:versionName="1.0" >
6
7    <uses-sdk
8        android:minSdkVersion="29"
8-->src\main\AndroidManifest.xml
9        android:targetSdkVersion="32" />
9-->src\main\AndroidManifest.xml
10
11    <uses-permission android:name="android.permission.INTERNET" />
11-->src\main\AndroidManifest.xml:4:5-67
11-->src\main\AndroidManifest.xml:4:22-64
12    <uses-permission android:name="android.permission.ACCESS_NETWORK_STATE" />
12-->[com.google.firebase:firebase-auth:21.0.4] AndroidManifest.xml:24:5-79
12-->[com.google.firebase:firebase-auth:21.0.4] AndroidManifest.xml:24:22-76
13    <uses-permission android:name="android.permission.CAMERA" /> <!-- Don't require camera, as this requires a rear camera. This allows it to work on the Nexus 7 -->
13-->[com.journeyapps:zxing-android-embedded:4.3.0] AndroidManifest.xml:22:5-65
13-->[com.journeyapps:zxing-android-embedded:4.3.0] AndroidManifest.xml:22:22-62
14    <uses-feature
14-->[com.journeyapps:zxing-android-embedded:4.3.0] AndroidManifest.xml:25:5-27:36
15        android:name="android.hardware.camera"
15-->[com.journeyapps:zxing-android-embedded:4.3.0] AndroidManifest.xml:26:9-47
16        android:required="false" />
16-->[com.journeyapps:zxing-android-embedded:4.3.0] AndroidManifest.xml:27:9-33
17    <uses-feature
17-->[com.journeyapps:zxing-android-embedded:4.3.0] AndroidManifest.xml:28:5-30:36
18        android:name="android.hardware.camera.front"
18-->[com.journeyapps:zxing-android-embedded:4.3.0] AndroidManifest.xml:29:9-53
19        android:required="false" /> <!-- TODO replace above two with next line after Android 4.2 -->
19-->[com.journeyapps:zxing-android-embedded:4.3.0] AndroidManifest.xml:30:9-33
20    <!-- <uses-feature android:name="android.hardware.camera.any"/> -->
21    <uses-feature
21-->[com.journeyapps:zxing-android-embedded:4.3.0] AndroidManifest.xml:33:5-35:36
22        android:name="android.hardware.camera.autofocus"
22-->[com.journeyapps:zxing-android-embedded:4.3.0] AndroidManifest.xml:34:9-57
23        android:required="false" />
23-->[com.journeyapps:zxing-android-embedded:4.3.0] AndroidManifest.xml:35:9-33
24    <uses-feature
24-->[com.journeyapps:zxing-android-embedded:4.3.0] AndroidManifest.xml:36:5-38:36
25        android:name="android.hardware.camera.flash"
25-->[com.journeyapps:zxing-android-embedded:4.3.0] AndroidManifest.xml:37:9-53
26        android:required="false" />
26-->[com.journeyapps:zxing-android-embedded:4.3.0] AndroidManifest.xml:38:9-33
27    <uses-feature
27-->[com.journeyapps:zxing-android-embedded:4.3.0] AndroidManifest.xml:39:5-41:36
28        android:name="android.hardware.screen.landscape"
28-->[com.journeyapps:zxing-android-embedded:4.3.0] AndroidManifest.xml:40:9-57
29        android:required="false" />
29-->[com.journeyapps:zxing-android-embedded:4.3.0] AndroidManifest.xml:41:9-33
30    <uses-feature
30-->[com.journeyapps:zxing-android-embedded:4.3.0] AndroidManifest.xml:42:5-44:36
31        android:name="android.hardware.wifi"
31-->[com.journeyapps:zxing-android-embedded:4.3.0] AndroidManifest.xml:43:9-45
32        android:required="false" />
32-->[com.journeyapps:zxing-android-embedded:4.3.0] AndroidManifest.xml:44:9-33
33
34    <application
34-->src\main\AndroidManifest.xml:5:5-26:19
35        android:name="com.example.tzva_naloga_1.database.ItemsApplication"
35-->src\main\AndroidManifest.xml:6:9-50
36        android:allowBackup="true"
36-->src\main\AndroidManifest.xml:8:9-35
37        android:appComponentFactory="androidx.core.app.CoreComponentFactory"
37-->[androidx.core:core:1.7.0] AndroidManifest.xml:24:18-86
38        android:debuggable="true"
39        android:extractNativeLibs="false"
40        android:hardwareAccelerated="true"
40-->src\main\AndroidManifest.xml:7:9-43
41        android:icon="@mipmap/ic_launcher"
41-->src\main\AndroidManifest.xml:9:9-43
42        android:label="@string/app_name"
42-->src\main\AndroidManifest.xml:10:9-41
43        android:roundIcon="@mipmap/ic_launcher_round"
43-->src\main\AndroidManifest.xml:11:9-54
44        android:supportsRtl="true"
44-->src\main\AndroidManifest.xml:12:9-35
45        android:testOnly="true"
46        android:theme="@style/Theme.TZVA_naloga_1" >
46-->src\main\AndroidManifest.xml:13:9-51
47        <activity
47-->src\main\AndroidManifest.xml:14:9-17:32
48            android:name="com.example.tzva_naloga_1.ui.MainActivity"
48-->src\main\AndroidManifest.xml:15:13-44
49            android:exported="false"
49-->src\main\AndroidManifest.xml:16:13-37
50            android:label="" />
50-->src\main\AndroidManifest.xml:17:13-29
51        <activity
51-->src\main\AndroidManifest.xml:18:9-25:20
52            android:name="com.example.tzva_naloga_1.ui.LoginActivity"
52-->src\main\AndroidManifest.xml:19:13-45
53            android:exported="true" >
53-->src\main\AndroidManifest.xml:20:13-36
54            <intent-filter>
54-->src\main\AndroidManifest.xml:21:13-24:29
55                <action android:name="android.intent.action.MAIN" />
55-->src\main\AndroidManifest.xml:22:17-69
55-->src\main\AndroidManifest.xml:22:25-66
56
57                <category android:name="android.intent.category.LAUNCHER" />
57-->src\main\AndroidManifest.xml:23:17-77
57-->src\main\AndroidManifest.xml:23:27-74
58            </intent-filter>
59        </activity>
60        <activity
60-->[com.google.firebase:firebase-auth:21.0.4] AndroidManifest.xml:27:9-44:20
61            android:name="com.google.firebase.auth.internal.GenericIdpActivity"
61-->[com.google.firebase:firebase-auth:21.0.4] AndroidManifest.xml:28:13-80
62            android:excludeFromRecents="true"
62-->[com.google.firebase:firebase-auth:21.0.4] AndroidManifest.xml:29:13-46
63            android:exported="true"
63-->[com.google.firebase:firebase-auth:21.0.4] AndroidManifest.xml:30:13-36
64            android:launchMode="singleTask"
64-->[com.google.firebase:firebase-auth:21.0.4] AndroidManifest.xml:31:13-44
65            android:theme="@android:style/Theme.Translucent.NoTitleBar" >
65-->[com.google.firebase:firebase-auth:21.0.4] AndroidManifest.xml:32:13-72
66            <intent-filter>
66-->[com.google.firebase:firebase-auth:21.0.4] AndroidManifest.xml:33:13-43:29
67                <action android:name="android.intent.action.VIEW" />
67-->[com.google.firebase:firebase-auth:21.0.4] AndroidManifest.xml:34:17-69
67-->[com.google.firebase:firebase-auth:21.0.4] AndroidManifest.xml:34:25-66
68
69                <category android:name="android.intent.category.DEFAULT" />
69-->[com.google.firebase:firebase-auth:21.0.4] AndroidManifest.xml:36:17-76
69-->[com.google.firebase:firebase-auth:21.0.4] AndroidManifest.xml:36:27-73
70                <category android:name="android.intent.category.BROWSABLE" />
70-->[com.google.firebase:firebase-auth:21.0.4] AndroidManifest.xml:37:17-78
70-->[com.google.firebase:firebase-auth:21.0.4] AndroidManifest.xml:37:27-75
71
72                <data
72-->[com.google.firebase:firebase-auth:21.0.4] AndroidManifest.xml:39:17-42:51
73                    android:host="firebase.auth"
73-->[com.google.firebase:firebase-auth:21.0.4] AndroidManifest.xml:40:21-49
74                    android:path="/"
74-->[com.google.firebase:firebase-auth:21.0.4] AndroidManifest.xml:41:21-37
75                    android:scheme="genericidp" />
75-->[com.google.firebase:firebase-auth:21.0.4] AndroidManifest.xml:42:21-48
76            </intent-filter>
77        </activity>
78        <activity
78-->[com.google.firebase:firebase-auth:21.0.4] AndroidManifest.xml:45:9-62:20
79            android:name="com.google.firebase.auth.internal.RecaptchaActivity"
79-->[com.google.firebase:firebase-auth:21.0.4] AndroidManifest.xml:46:13-79
80            android:excludeFromRecents="true"
80-->[com.google.firebase:firebase-auth:21.0.4] AndroidManifest.xml:47:13-46
81            android:exported="true"
81-->[com.google.firebase:firebase-auth:21.0.4] AndroidManifest.xml:48:13-36
82            android:launchMode="singleTask"
82-->[com.google.firebase:firebase-auth:21.0.4] AndroidManifest.xml:49:13-44
83            android:theme="@android:style/Theme.Translucent.NoTitleBar" >
83-->[com.google.firebase:firebase-auth:21.0.4] AndroidManifest.xml:50:13-72
84            <intent-filter>
84-->[com.google.firebase:firebase-auth:21.0.4] AndroidManifest.xml:51:13-61:29
85                <action android:name="android.intent.action.VIEW" />
85-->[com.google.firebase:firebase-auth:21.0.4] AndroidManifest.xml:34:17-69
85-->[com.google.firebase:firebase-auth:21.0.4] AndroidManifest.xml:34:25-66
86
87                <category android:name="android.intent.category.DEFAULT" />
87-->[com.google.firebase:firebase-auth:21.0.4] AndroidManifest.xml:36:17-76
87-->[com.google.firebase:firebase-auth:21.0.4] AndroidManifest.xml:36:27-73
88                <category android:name="android.intent.category.BROWSABLE" />
88-->[com.google.firebase:firebase-auth:21.0.4] AndroidManifest.xml:37:17-78
88-->[com.google.firebase:firebase-auth:21.0.4] AndroidManifest.xml:37:27-75
89
90                <data
90-->[com.google.firebase:firebase-auth:21.0.4] AndroidManifest.xml:39:17-42:51
91                    android:host="firebase.auth"
91-->[com.google.firebase:firebase-auth:21.0.4] AndroidManifest.xml:40:21-49
92                    android:path="/"
92-->[com.google.firebase:firebase-auth:21.0.4] AndroidManifest.xml:41:21-37
93                    android:scheme="recaptcha" />
93-->[com.google.firebase:firebase-auth:21.0.4] AndroidManifest.xml:42:21-48
94            </intent-filter>
95        </activity>
96
97        <service
97-->[com.google.firebase:firebase-auth:21.0.4] AndroidManifest.xml:64:9-70:19
98            android:name="com.google.firebase.components.ComponentDiscoveryService"
98-->[com.google.firebase:firebase-auth:21.0.4] AndroidManifest.xml:65:13-84
99            android:directBootAware="true"
99-->[com.google.firebase:firebase-common:20.1.1] AndroidManifest.xml:35:13-43
100            android:exported="false" >
100-->[com.google.firebase:firebase-auth:21.0.4] AndroidManifest.xml:66:13-37
101            <meta-data
101-->[com.google.firebase:firebase-auth:21.0.4] AndroidManifest.xml:67:13-69:85
102                android:name="com.google.firebase.components:com.google.firebase.auth.FirebaseAuthRegistrar"
102-->[com.google.firebase:firebase-auth:21.0.4] AndroidManifest.xml:68:17-109
103                android:value="com.google.firebase.components.ComponentRegistrar" />
103-->[com.google.firebase:firebase-auth:21.0.4] AndroidManifest.xml:69:17-82
104            <meta-data
104-->[com.google.firebase:firebase-database-ktx:20.0.5] AndroidManifest.xml:15:13-17:85
105                android:name="com.google.firebase.components:com.google.firebase.database.ktx.FirebaseDatabaseKtxRegistrar"
105-->[com.google.firebase:firebase-database-ktx:20.0.5] AndroidManifest.xml:16:17-124
106                android:value="com.google.firebase.components.ComponentRegistrar" />
106-->[com.google.firebase:firebase-database-ktx:20.0.5] AndroidManifest.xml:17:17-82
107            <meta-data
107-->[com.google.firebase:firebase-database:20.0.5] AndroidManifest.xml:32:13-34:85
108                android:name="com.google.firebase.components:com.google.firebase.database.DatabaseRegistrar"
108-->[com.google.firebase:firebase-database:20.0.5] AndroidManifest.xml:33:17-109
109                android:value="com.google.firebase.components.ComponentRegistrar" />
109-->[com.google.firebase:firebase-database:20.0.5] AndroidManifest.xml:34:17-82
110            <meta-data
110-->[com.google.firebase:firebase-common-ktx:20.1.1] AndroidManifest.xml:15:13-17:85
111                android:name="com.google.firebase.components:com.google.firebase.ktx.FirebaseCommonKtxRegistrar"
111-->[com.google.firebase:firebase-common-ktx:20.1.1] AndroidManifest.xml:16:17-113
112                android:value="com.google.firebase.components.ComponentRegistrar" />
112-->[com.google.firebase:firebase-common-ktx:20.1.1] AndroidManifest.xml:17:17-82
113        </service>
114
115        <uses-library
115-->[androidx.window:window:1.0.0] AndroidManifest.xml:25:9-27:40
116            android:name="androidx.window.extensions"
116-->[androidx.window:window:1.0.0] AndroidManifest.xml:26:13-54
117            android:required="false" />
117-->[androidx.window:window:1.0.0] AndroidManifest.xml:27:13-37
118        <uses-library
118-->[androidx.window:window:1.0.0] AndroidManifest.xml:28:9-30:40
119            android:name="androidx.window.sidecar"
119-->[androidx.window:window:1.0.0] AndroidManifest.xml:29:13-51
120            android:required="false" />
120-->[androidx.window:window:1.0.0] AndroidManifest.xml:30:13-37
121
122        <activity
122-->[com.google.android.gms:play-services-auth:20.2.0] AndroidManifest.xml:23:9-27:75
123            android:name="com.google.android.gms.auth.api.signin.internal.SignInHubActivity"
123-->[com.google.android.gms:play-services-auth:20.2.0] AndroidManifest.xml:24:13-93
124            android:excludeFromRecents="true"
124-->[com.google.android.gms:play-services-auth:20.2.0] AndroidManifest.xml:25:13-46
125            android:exported="false"
125-->[com.google.android.gms:play-services-auth:20.2.0] AndroidManifest.xml:26:13-37
126            android:theme="@android:style/Theme.Translucent.NoTitleBar" />
126-->[com.google.android.gms:play-services-auth:20.2.0] AndroidManifest.xml:27:13-72
127        <!--
128            Service handling Google Sign-In user revocation. For apps that do not integrate with
129            Google Sign-In, this service will never be started.
130        -->
131        <service
131-->[com.google.android.gms:play-services-auth:20.2.0] AndroidManifest.xml:33:9-37:51
132            android:name="com.google.android.gms.auth.api.signin.RevocationBoundService"
132-->[com.google.android.gms:play-services-auth:20.2.0] AndroidManifest.xml:34:13-89
133            android:exported="true"
133-->[com.google.android.gms:play-services-auth:20.2.0] AndroidManifest.xml:35:13-36
134            android:permission="com.google.android.gms.auth.api.signin.permission.REVOCATION_NOTIFICATION"
134-->[com.google.android.gms:play-services-auth:20.2.0] AndroidManifest.xml:36:13-107
135            android:visibleToInstantApps="true" />
135-->[com.google.android.gms:play-services-auth:20.2.0] AndroidManifest.xml:37:13-48
136
137        <provider
137-->[com.google.firebase:firebase-common:20.1.1] AndroidManifest.xml:26:9-31:39
138            android:name="com.google.firebase.provider.FirebaseInitProvider"
138-->[com.google.firebase:firebase-common:20.1.1] AndroidManifest.xml:27:13-77
139            android:authorities="com.example.tzva_naloga_1.firebaseinitprovider"
139-->[com.google.firebase:firebase-common:20.1.1] AndroidManifest.xml:28:13-72
140            android:directBootAware="true"
140-->[com.google.firebase:firebase-common:20.1.1] AndroidManifest.xml:29:13-43
141            android:exported="false"
141-->[com.google.firebase:firebase-common:20.1.1] AndroidManifest.xml:30:13-37
142            android:initOrder="100" />
142-->[com.google.firebase:firebase-common:20.1.1] AndroidManifest.xml:31:13-36
143
144        <activity
144-->[com.google.android.gms:play-services-base:18.0.1] AndroidManifest.xml:20:9-22:45
145            android:name="com.google.android.gms.common.api.GoogleApiActivity"
145-->[com.google.android.gms:play-services-base:18.0.1] AndroidManifest.xml:20:19-85
146            android:exported="false"
146-->[com.google.android.gms:play-services-base:18.0.1] AndroidManifest.xml:22:19-43
147            android:theme="@android:style/Theme.Translucent.NoTitleBar" />
147-->[com.google.android.gms:play-services-base:18.0.1] AndroidManifest.xml:21:19-78
148
149        <meta-data
149-->[com.google.android.gms:play-services-basement:18.0.0] AndroidManifest.xml:21:9-23:69
150            android:name="com.google.android.gms.version"
150-->[com.google.android.gms:play-services-basement:18.0.0] AndroidManifest.xml:22:13-58
151            android:value="@integer/google_play_services_version" />
151-->[com.google.android.gms:play-services-basement:18.0.0] AndroidManifest.xml:23:13-66
152
153        <provider
153-->[androidx.emoji2:emoji2:1.0.0] AndroidManifest.xml:26:9-34:20
154            android:name="androidx.startup.InitializationProvider"
154-->[androidx.emoji2:emoji2:1.0.0] AndroidManifest.xml:27:13-67
155            android:authorities="com.example.tzva_naloga_1.androidx-startup"
155-->[androidx.emoji2:emoji2:1.0.0] AndroidManifest.xml:28:13-68
156            android:exported="false" >
156-->[androidx.emoji2:emoji2:1.0.0] AndroidManifest.xml:29:13-37
157            <meta-data
157-->[androidx.emoji2:emoji2:1.0.0] AndroidManifest.xml:31:13-33:52
158                android:name="androidx.emoji2.text.EmojiCompatInitializer"
158-->[androidx.emoji2:emoji2:1.0.0] AndroidManifest.xml:32:17-75
159                android:value="androidx.startup" />
159-->[androidx.emoji2:emoji2:1.0.0] AndroidManifest.xml:33:17-49
160            <meta-data
160-->[androidx.lifecycle:lifecycle-process:2.4.0] AndroidManifest.xml:31:13-33:52
161                android:name="androidx.lifecycle.ProcessLifecycleInitializer"
161-->[androidx.lifecycle:lifecycle-process:2.4.0] AndroidManifest.xml:32:17-78
162                android:value="androidx.startup" />
162-->[androidx.lifecycle:lifecycle-process:2.4.0] AndroidManifest.xml:33:17-49
163        </provider>
164
165        <activity
165-->[com.journeyapps:zxing-android-embedded:4.3.0] AndroidManifest.xml:47:9-53:63
166            android:name="com.journeyapps.barcodescanner.CaptureActivity"
166-->[com.journeyapps:zxing-android-embedded:4.3.0] AndroidManifest.xml:48:13-74
167            android:clearTaskOnLaunch="true"
167-->[com.journeyapps:zxing-android-embedded:4.3.0] AndroidManifest.xml:49:13-45
168            android:screenOrientation="sensorLandscape"
168-->[com.journeyapps:zxing-android-embedded:4.3.0] AndroidManifest.xml:50:13-56
169            android:stateNotNeeded="true"
169-->[com.journeyapps:zxing-android-embedded:4.3.0] AndroidManifest.xml:51:13-42
170            android:theme="@style/zxing_CaptureTheme"
170-->[com.journeyapps:zxing-android-embedded:4.3.0] AndroidManifest.xml:52:13-54
171            android:windowSoftInputMode="stateAlwaysHidden" />
171-->[com.journeyapps:zxing-android-embedded:4.3.0] AndroidManifest.xml:53:13-60
172
173        <provider
173-->[com.squareup.picasso:picasso:2.71828] AndroidManifest.xml:8:9-11:40
174            android:name="com.squareup.picasso.PicassoProvider"
174-->[com.squareup.picasso:picasso:2.71828] AndroidManifest.xml:9:13-64
175            android:authorities="com.example.tzva_naloga_1.com.squareup.picasso"
175-->[com.squareup.picasso:picasso:2.71828] AndroidManifest.xml:10:13-72
176            android:exported="false" />
176-->[com.squareup.picasso:picasso:2.71828] AndroidManifest.xml:11:13-37
177
178        <service
178-->[androidx.room:room-runtime:2.4.2] AndroidManifest.xml:25:9-28:40
179            android:name="androidx.room.MultiInstanceInvalidationService"
179-->[androidx.room:room-runtime:2.4.2] AndroidManifest.xml:26:13-74
180            android:directBootAware="true"
180-->[androidx.room:room-runtime:2.4.2] AndroidManifest.xml:27:13-43
181            android:exported="false" />
181-->[androidx.room:room-runtime:2.4.2] AndroidManifest.xml:28:13-37
182    </application>
183
184</manifest>